63.5103
57.4008
55.2825
61.7282
49.9541
59.7311
74.5314
68.8312
66.6348
60.6003
66.1757
66.6814
70.3429
58.602
61.8519
64.1215
49.8546
61.9886
54.088
72.5167
61.3123
62.4478
57.4195
60.1071
62.2376
56.4429
68.2329
49.0045
64.7602
61.6288
58.4119
76.8957
42.4169
60.3703
63.2221
78.5946
62.8904
48.9349
55.635
55.484
59.9441
62.0532
55.1188
69.2009
69.6731
62.4125
70.9731
74.0765
72.9033
66.5251
57.1789
62.3167
68.3309
69.4094
73.1805
77.4793
55.9733
45.9404
58.048
63.0625
56.1963
60.375
66.839
58.8496
59.6162
62.6138
67.6202
67.6833
56.3871
63.8007
60.9498
70.5471
60.2882
50.8416
63.5113
64.4841
60.6854
62.0547
48.658
53.1094
78.0888
60.6545
65.8652
65.7456
53.9918
62.7903
66.8693
66.3053
61.6107
48.7338
53.869
62.4614
60.8262
60.4062
61.3748
71.0462
66.9784
68.2898
68.4124
74.9495
68.396
74.7398
73.7823
58.0755
71.7991
71.0591
67.8609
65.3917
48.9493
50.0828
62.0021
63.4159
73.4846
64.9551
70.7482
71.2594
61.6468
41.7676
72.8147
63.6152
62.8009
78.2733
69.9987
53.8384
68.2105
63.1781
64.4137
69.8337
49.828
71.2784
62.4413
61.5163
63.5082
68.3398
53.9995
53.1327
49.1701
60.6357
65.6323
62.5654
63.8757
61.2886
63.3287
74.26
60.9106
60.3639
56.3185
64.5478
63.9343
48.1027
64.7312
57.0046
67.2874
60.0346
69.825
56.1553
54.4986
66.7663
46.0045
51.967
61.6838
49.7172
51.9075
55.4141
68.5302
78.1566
52.9846
63.1546
68.8485
60.3411
59.5077
65.3158
57.9476
51.4336
66.7539
42.485
58.655
71.6333
63.5416
65.4749
67.0657
46.7172
51.071
56.1761
57.2526
63.9819
66.0941
72.2597
55.4641
75.3737
65.8478
59.4092
72.0609
61.1773
65.3627
60.6353
56.6856
69.0431
65.017
70.1069
76.7398
75.459
67.0156
65.4145
74.441
56.093
67.3849
62.4331
63.5454
69.8464
61.9841
64.6045
74.3758
80.3024
62.6548
65.5495
68.31
62.5055
66.7299
59.3681
66.7139
63.6497
66.5196
41.4367
59.2494
61.9754
61.5731
51.4306
49.3347
47.8568
55.2668
71.3589
62.9389
65.8405
82.7733
70.699
62.0888
63.507
59.9635
70.424
82.3977
67.5334
61.7757
60.243
58.2986
58.538
60.5378
51.2773
68.5765
60.4577
69.8085
64.7965
69.4797
54.9915
71.3947
57.6183
63.9869
59.6122
66.7223
70.2326
60.6563
73.4094
62.3399
52.1415
70.3132
66.991
67.2251
69.4636
56.9657
69.5776
63.3169
67.4331
56.4232
67.7448
65.6723
66.1524
65.5787
56.9038
65.8461
75.0965
62.5435
56.1522
71.2801
79.764
74.7248
57.1493
59.5945
65.899
57.1886
57.3783
66.2808
70.969
70.4115
62.1393
63.2309
61.4553
49.6946
62.9123
60.5954
56.9065
64.4052
79.5793
62.2627
61.5569
60.0778
54.7412
68.3888
65.3163
66.7584
56.6265
64.0635
79.6676
62.1867
70.6539
81.1146
74.7044
71.3381
64.7419
62.4515
64.0492
67.7572
71.3033
48.3389
63.9586
76.6176
64.1674
55.7158
61.3982
67.4139
68.217
74.4316
51.7533
50.3069
71.8971
59.9746
65.8999
52.6334
65.2968
63.2919
56.3543
68.1823
69.2155
63.1631
69.124
65.9223
58.8158
50.742
57.3234
71.3542
65.139
63.9489
57.3862
41.7272
53.0523
75.9027
49.2314
57.1857
64.1966
68.7313
58.8312
57.4908
54.6574
67.6698
39.3576
59.5394
62.1172
72.3583
43.6034
57.9902
68.7869
59.4619
51.8971
54.9927
58.9619
58.1948
69.7109
60.4017
74.9039
59.9293
70.289
66.8725
55.305
72.7249
53.5104
67.6017
64.8746
72.478
69.6563
58.4844
70.3042
74.1127
55.5916
67.6237
53.0336
69.3703
64.1791
62.3978
56.9275
64.9244
73.4212
64.3043
73.3828
59.9589
56.8512
52.7719
53.8452
60.623
72.1006
73.7485
61.37
60.1407
80.5613
74.5611
69.7179
62.9093
56.9131
60.3352
57.6773
63.8926
48.8146
59.6408
77.8795
62.0397
52.5979
59.4502
71.9842
57.5442
50.4877
65.7485
56.579
74.2211
70.6402
52.2984
67.3893
69.7515
64.5467
62.9128
51.9757
67.4673
85.219
60.852
62.1692
52.7217
69.3457
68.7579
60.5762
64.2003
72.4474
50.522
72.698
55.1536
46.3364
69.789
76.5708
56.1585
50.4732
62.7258
61.1817
46.7162
65.5537
62.1105
62.9246
80.5559
68.3696
56.076
58.4918
61.3479
60.4467
60.8486
45.9158
65.0301
54.767
65.1315
53.1166
60.7515
67.6369
69.8081
62.2995
67.9604
66.0906
57.8145
59.3151
61.6885
66.0847
50.2004
74.0602
66.2835
69.1504
63.6221
56.9786
71.7218
65.786
64.2192
55.4743
68.0883
69.4542
64.6145
55.3313
51.0266
70.1194
59.8991
48.2754
63.6555
69.8356
66.4238
52.4676
59.2795
74.4362
57.8542
73.8239
65.256
65.5028
56.1139
65.3879
62.741
58.1439
76.887
68.3273
69.2805
57.1762
56.9489
68.155
65.2568
68.2624
70.0178
68.6141
69.3851
45.0247
68.3277
64.0833
67.8345
54.1584
71.7255
64.9677
67.3233
68.2883
64.2834
68.7116
52.3952
61.0685
67.2433
51.1745
58.3386
56.1205
62.0894
61.934
56.7582
59.1524
74.3975
59.2984
72.4191
66.3705
78.9259
65.2911
72.5087
70.2404
51.5565
58.194
62.0144
62.5671
56.5871
57.3595
70.7257
79.4121
71.5198
66.0446
56.3316
70.3748
63.9402
62.9553
59.24
73.8158
59.7574
60.9803
58.9218
43.3236
69.0183
64.3077
57.7012
66.6324
69.4994
66.3235
62.596
55.9585
56.7056
71.7929
57.0275
71.649
58.8235
57.8742
64.3848
67.8348
62.9198
68.6981
65.1872
59.9109
71.088
60.1521
68.155
49.2711
53.1364
58.7701
48.983
51.2846
67.7818
75.0276
50.1567
65.7795
60.6126
59.8402
50.3645
61.2703
80.9522
62.6514
66.211
63.0881
68.9287
64.124
52.6549
69.7782
68.2184
60.8255
63.9238
56.9757
56.6654
50.9391
69.2101
59.877
64.3992
64.7449
54.7233
59.1188
60.2267
62.1547
54.7712
52.3552
66.4645
63.0966
68.319
62.1178
59.1638
46.6274
59.2374
48.3648
70.2635
57.5735
51.4969
53.9173
58.9948
50.9835
66.2872
61.1817
49.6936
63.8734
55.5872
70.555
59.9396
63.1798
67.9948
51.6792
58.9329
46.3239
56.655
56.8113
72.896
63.2713
71.1339
60.6831
69.5171
60.996
48.6166
72.7321
63.8056
62.6892
62.3055
53.3999
65.7245
58.6496
62.8826
64.333
65.8246
61.5506
68.3057
71.0089
69.351
62.0883
57.2348
61.6092
70.8442
64.4042
59.965
62.696
70.1898
55.3129
56.7433
66.3991
65.0693
67.2243
61.2184
67.4823
68.6812
62.8247
66.9379
72.6412
60.3461
55.2263
72.7737
56.7498
65.8777
77.5747
83.599
59.3018
55.8671
56.9012
50.2651
45.2168
62.8877
65.1454
66.412
66.7144
59.9536
71.6414
63.3612
62.0216
71.1297
67.3552
58.3504
57.7519
59.0092
73.8575
61.9571
59.6361
55.1822
60.4869
62.4396
72.1804
65.5242
57.85
53.3163
76.1891
55.0092
65.5242
59.1656
76.8324
66.4489
63.7277
51.2229
48.087
70.4069
58.6611
59.0562
74.3201
60.1989
72.199
65.863
71.377
69.2298
56.074
55.8487
58.723
56.1706
72.5397
60.9414
45.8779
64.8464
66.2017
61.0862
66.1554
73.5365
61.6188
61.1565
45.4708
63.5066
53.9846
56.1423
61.1706
67.3171
45.5864
56.9578
62.787
66.2747
81.776
54.5991
45.5645
69.9547
52.4837
70.2094
53.8561
59.711
45.2754
70.1443
71.3819
47.5108
53.4992
58.8976
64.3819
61.8421
57.6734
63.0611
61.1484
55.9219
71.8323
52.5205
63.9014
50.4867
45.8493
63.3098
58.8111
50.6032
60.9949
44.9398
73.4459
71.5566
62.6343
63.9265
57.8433
60.6451
62.4567
71.6772
64.5691
65.2905
55.2186
47.3594
61.6312
69.4878
65.1214
58.0956
64.8179
62.4484
59.9718
53.6165
56.3825
69.0062
58.613
78.1892
61.1285
66.8679
47.2449
69.4659
62.1355
57.0105
58.1019
60.1981
65.1465
56.2634
64.5745
55.3876
66.6376
60.5466
64.2863
66.8036
47.1444
66.1792
57.9286
61.9089
55.6361
73.2744
61.1945
59.5448
56.8935
53.8503
61.4642
60.0161
63.5234
67.0676
62.0654
67.4092
43.1669
71.5754
60.4306
64.4311
57.4072
52.7403
58.255
55.7279
56.5191
72.9456
56.4426
61.4015
56.3467
52.8364
70.8642
61.8385
55.2112
58.7869
60.8136
53.8431
56.3399
50.5759
73.4759
61.432
62.2686
73.1194
54.33
56.9133
65.3574
47.4588
54.5197
63.4268
62.1508
71.3626
59.1127
54.6389
66.6098
60.9163
62.8751
61.9152
71.6712
68.0043
53.2107
60.675
45.1989
63.3681
65.2221
64.4393
63.3351
66.4896
56.9394
55.8696
68.034
69.1777
63.0931
62.7694
48.1457
57.806
68.9043
73.4485
71.3212
53.4698
54.387
68.5752
67.0911
56.3939
69.524
54.1523
54.2305
54.5983
52.6905
65.1462
63.5848
53.2726
57.2063
67.9275
48.8059
57.9821
64.8925
57.2927
53.7422
69.5352
57.8329
65.6119
64.2007
60.5028
59.8526
59.9226
52.8687
49.611
52.1601
58.7689
54.9023
53.6154
59.2536
53.3352
55.7901
67.4096
62.1226
68.4292
57.1686
45.0717
52.2267
49.5759
45.3452
51.0274
50.4102
58.6617
50.6176
50.4127
53.3617
53.3983
64.7336
54.3875
58.5258
59.1934
64.7338
48.5745
56.0079
55.3201
62.3093
47.2044
49.0916
50.3917
36.8743
33.7821
25.778
29.8662
34.5659
27.9555
22.6985
14.3279
13.1709
