34.0847 55.6059
34.0847 51.808
31.0825 46.9705
29.3574 44.6055
25.4208 41.8309
23.9407 38.7396
20.539 37.2028
19.8163 34.7533
17.4343 32.1943
16.6663 29.3223
15.4015 28.4079
15.0329 28.6361
14.4909 27.6735
12.3822 24.6606
12.3822 23.8783
10.893 21.8715
9.72801 21.0961
9.72801 20.5718
8.6074 17.8492
7.71871 16.5156
7.7067 14.2148
7.66286 15.3114
7.53646 14.6746
6.54346 14.0162
6.54346 13.6796
6.10796 14.1099
5.58858 13.8806
5.57159 14.3985
5.57159 13.4039
5.16989 12.9088
5.09303 12.3218
5.07719 12.6666
4.96925 11.4751
4.04641 12.1699
4.00744 11.5322
3.92263 11.6531
3.40169 10.7531
3.19185 10.2299
3.02925 10.3275
3.02925 10.4841
2.97738 10.736
2.76756 10.0345
2.71568 9.82063
2.71568 9.43186
2.65554 9.22972
2.62078 8.49006
2.5776 7.93436
2.56064 8.11979
2.56064 8.29707
2.51746 9.03006
2.51746 9.05642
2.49919 8.79764
2.49919 8.13663
2.49919 9.49445
2.49919 8.10531
2.49919 9.34661
2.49919 8.75902
2.49919 10.0003
2.49919 9.74652
2.49919 10.6741
2.49919 10.0867
2.49919 11.0116
2.49919 10.7082
2.49919 11.232
2.49919 10.364
2.49919 10.8421
2.49919 11.1676
2.49919 10.6616
2.49919 11.2823
2.49919 11.3104
2.49919 9.68986
2.49919 10.8707
2.49919 9.74551
2.49919 11.026
2.49919 11.7014
2.49919 9.74317
2.49919 10.6911
2.49919 9.60513
2.49919 10.8762
2.49919 10.6305
2.49919 9.44785
2.49919 9.89872
2.49919 11.1541
2.49919 11.2609
2.49919 9.87833
2.49919 12.2539
2.49919 9.35601
2.49919 9.36304
2.49919 9.99981
2.49919 9.39441
2.49919 9.27551
2.49919 11.4104
2.49919 11.2
2.49919 10.4174
2.49919 10.2338
2.49919 10.5004
2.49919 12.6957
2.49919 11.3688
2.49919 10.7727
2.49919 11.8139
