4.89471 8.91998
4.5791 8.06339
4.5771 7.36893
4.46933 6.72093
4.12124 6.38109
3.94195 6.02003
3.84494 5.85936
3.75879 5.47111
3.58081 5.50856
3.3027 5.0234
3.21078 4.82017
2.93829 4.85968
2.93829 4.49148
2.796 4.37649
2.77699 4.08965
2.65103 3.86668
2.65103 3.78179
2.57554 3.76841
2.53928 3.71843
2.46118 3.60493
2.43057 3.61999
2.34943 3.49117
2.3314 3.5439
2.24759 3.42687
2.1778 3.29357
2.16926 3.12623
2.08545 3.23182
2.06443 3.40282
2.06443 3.07251
2.02365 3.12184
1.98413 2.94155
1.98413 3.13678
1.89459 3.1185
1.89459 3.1728
1.8894 2.96726
1.85721 3.06276
1.85721 3.29842
1.85202 3.06226
1.82967 2.93531
1.72283 2.84888
1.72283 2.84075
1.69436 2.83782
1.69436 2.65345
1.66537 2.84255
1.66537 2.65797
1.64713 2.55115
1.64075 2.49577
1.64075 2.31838
1.64075 2.45814
1.64075 2.45484
1.64075 2.51353
1.60591 2.769
1.60591 2.70439
1.5352 2.71734
1.5352 2.59091
1.5352 2.67357
1.50375 2.71225
1.50375 2.65781
1.49377 2.5883
1.49377 2.80611
1.49377 2.76237
1.47637 2.52123
1.47637 2.56925
1.47637 2.73396
1.47637 2.45679
1.47637 2.52389
1.45662 2.59112
1.45662 2.7566
1.45662 2.86058
1.45662 2.61889
1.45662 2.65575
1.45662 2.46285
1.45662 2.4699
1.45662 2.5519
1.45662 2.60786
1.45662 2.45352
1.45662 2.81372
1.45662 2.49057
1.45662 2.61189
1.45662 2.67934
1.45662 2.59994
1.45662 2.67389
1.45662 2.60602
1.45662 2.38139
1.45662 2.61752
1.45662 2.5298
1.45662 2.60041
1.45662 2.75955
1.45662 2.62709
1.45662 2.68724
1.45662 2.62112
1.45662 2.79828
1.45662 2.72739
1.45662 2.55364
1.45662 2.55303
1.45662 2.51058
1.45662 2.7192
1.45662 2.93828
1.45662 2.82547
1.45662 2.99791
